<?xml version="1.0" encoding="UTF-8"?>
<!-- Generated by org.testng.reporters.JUnitXMLReporter -->
<testsuite ignored="0" hostname="DESKTOP-QARGP3R" failures="0" tests="12" name="WordWall Site" time="233.639" errors="0" timestamp="2022-04-07T15:13:13 IST">
  <testcase classname="MavenTestNG.SigninDataGW" name="signin" time="12.191"/>
  <testcase classname="MavenTestNG.SigninDataGW" name="signin1" time="10.94"/>
  <testcase classname="MavenTestNG.SigninDataGW" name="signin2" time="10.795"/>
  <testcase classname="MavenTestNG.SigninDataGW" name="signin3" time="10.892"/>
  <testcase classname="MavenTestNG.SigninDataGW" name="signin4" time="10.978"/>
  <testcase classname="MavenTestNG.LoginDataGW" name="Logintest" time="10.042"/>
  <testcase classname="MavenTestNG.LoginDataGW" name="Logintest1" time="9.489"/>
  <testcase classname="MavenTestNG.LoginDataGW" name="Logintest2" time="10.791"/>
  <testcase classname="MavenTestNG.LoginDataGW" name="Logintest3" time="8.487"/>
  <testcase classname="MavenTestNG.NaviPathGW" name="Navipage" time="20.593"/>
  <testcase classname="MavenTestNG.NaviPathGW" name="Navipriceplan" time="3.653"/>
  <testcase classname="MavenTestNG.NaviPathGW" name="NaviHome" time="3.518"/>
</testsuite> <!-- WordWall Site -->
